<?xml version="1.0" encoding="UTF-8"?>
<testng-results skipped="0" failed="0" total="1" passed="1">
  <reporter-output>
  </reporter-output>
  <suite name="Surefire suite" duration-ms="87" started-at="2019-03-16T13:04:06Z" finished-at="2019-03-16T13:04:06Z">
    <groups>
    </groups>
    <test name="Surefire test" duration-ms="87" started-at="2019-03-16T13:04:06Z" finished-at="2019-03-16T13:04:06Z">
      <class name="com.selenium.quickstart.AppiumTest">
        <test-method status="PASS" signature="initiatebrowser()[pri:0, instance:com.selenium.quickstart.AppiumTest@3b6eb2ec]" name="initiatebrowser" is-config="true" duration-ms="34" started-at="2019-03-16T18:34:06Z" finished-at="2019-03-16T18:34:06Z">
          <reporter-output>
          </reporter-output>
        </test-method> <!-- initiatebrowser -->
        <test-method status="PASS" signature="launch()[pri:0, instance:com.selenium.quickstart.AppiumTest@3b6eb2ec]" name="launch" is-config="true" duration-ms="4" started-at="2019-03-16T18:34:06Z" finished-at="2019-03-16T18:34:06Z">
          <reporter-output>
          </reporter-output>
        </test-method> <!-- launch -->
        <test-method status="PASS" signature="test()[pri:0, instance:com.selenium.quickstart.AppiumTest@3b6eb2ec]" name="test" duration-ms="7" started-at="2019-03-16T18:34:06Z" finished-at="2019-03-16T18:34:06Z">
          <reporter-output>
          </reporter-output>
        </test-method> <!-- test -->
        <test-method status="PASS" signature="closeapp()[pri:0, instance:com.selenium.quickstart.AppiumTest@3b6eb2ec]" name="closeapp" is-config="true" duration-ms="1" started-at="2019-03-16T18:34:06Z" finished-at="2019-03-16T18:34:06Z">
          <reporter-output>
          </reporter-output>
        </test-method> <!-- closeapp -->
        <test-method status="PASS" signature="quitBroswer()[pri:0, instance:com.selenium.quickstart.AppiumTest@3b6eb2ec]" name="quitBroswer" is-config="true" duration-ms="1" started-at="2019-03-16T18:34:06Z" finished-at="2019-03-16T18:34:06Z">
          <reporter-output>
          </reporter-output>
        </test-method> <!-- quitBroswer -->
      </class> <!-- com.selenium.quickstart.AppiumTest -->
    </test> <!-- Surefire test -->
  </suite> <!-- Surefire suite -->
</testng-results>
